Array
(
    [0] => Array
        (
            [MODE] => edit
            [ENTITY_ID] => CRM_DEAL
            [FIELD_NAME] => UF_CRM_PROJECT
            [ENTITY_VALUE_ID] => 0
            [VALUE] => 
            [MULTIPLE] => N
            [MANDATORY] => N
            [XML_ID] => 
        )

    [1] => Array
        (
            [result] => Array
                (
                    [ID] => 699
                    [ACTIVE] => 1
                    [EMAIL] => iryna.agafonova@wow-how.com
                    [NAME] => Iryna
                    [LAST_NAME] => Agafonova
                    [SECOND_NAME] => 
                    [PERSONAL_GENDER] => F
                    [PERSONAL_PROFESSION] => 
                    [PERSONAL_WWW] => 
                    [PERSONAL_BIRTHDAY] => 1993-02-18T03:00:00+03:00
                    [PERSONAL_PHOTO] => https://cdn.bitrix24.ua/b3162387/main/58d/58d0b9377212fc010591b72d95db601a/37688458_226310798211721_8924276041984245760_n.jpg
                    [PERSONAL_ICQ] => 
                    [PERSONAL_PHONE] => 
                    [PERSONAL_FAX] => 
                    [PERSONAL_MOBILE] => +380990067963
                    [PERSONAL_PAGER] => 
                    [PERSONAL_STREET] => 
                    [PERSONAL_CITY] => 
                    [PERSONAL_STATE] => 
                    [PERSONAL_ZIP] => 
                    [PERSONAL_COUNTRY] => 
                    [WORK_COMPANY] => 
                    [WORK_POSITION] => 
                    [WORK_PHONE] => 
                    [UF_DEPARTMENT] => Array
                        (
                            [0] => 239
                        )

                    [UF_INTERESTS] => 
                    [UF_SKILLS] => 
                    [UF_WEB_SITES] => 
                    [UF_XING] => 
                    [UF_LINKEDIN] => 
                    [UF_FACEBOOK] => 
                    [UF_TWITTER] => 
                    [UF_SKYPE] => 
                    [UF_DISTRICT] => 
                    [UF_PHONE_INNER] => 
                    [USER_TYPE] => 
                )

            [time] => Array
                (
                    [start] => 1570613616.1705
                    [finish] => 1570613616.2015
                    [duration] => 0.031009912490845
                    [processing] => 0.0031509399414062
                    [date_start] => 2019-10-09T12:33:36+03:00
                    [date_finish] => 2019-10-09T12:33:36+03:00
                )

        )

)

_________________________________

Array
(
    [INFO] => Результат выполнения запроса crm.deal.get
    [PARAMS] => Array
        (
            [id] => 0
        )

    [DOMAIN] => wow-how.bitrix24.ua
    [AUTH_ID] => 78b79d5d00389e5e00091bec000002bb000003d3544b538f49644d8bdff87ebbb784a4
    [RESULT] => Array
        (
            [error] => 
            [error_description] => ID is not defined or invalid.
        )

)

_________________________________

