Array
(
    [0] => Array
        (
            [MODE] => edit
            [ENTITY_ID] => CRM_DEAL
            [FIELD_NAME] => UF_CRM_PROJECT
            [ENTITY_VALUE_ID] => 0
            [VALUE] => 
            [MULTIPLE] => N
            [MANDATORY] => N
            [XML_ID] => 
        )

    [1] => Array
        (
            [result] => Array
                (
                    [ID] => 399
                    [ACTIVE] => 1
                    [EMAIL] => anastasia.natkovych@wow-how.com
                    [NAME] => Anastasia
                    [LAST_NAME] => Natkovych
                    [SECOND_NAME] => 
                    [PERSONAL_GENDER] => F
                    [PERSONAL_PROFESSION] => 
                    [PERSONAL_WWW] => 
                    [PERSONAL_BIRTHDAY] => 1996-03-21T03:00:00+03:00
                    [PERSONAL_PHOTO] => https://cdn.bitrix24.ua/b3162387/main/626/6269b4610fd4bbf51a2c61ba14017e82/avatar.png
                    [PERSONAL_ICQ] => 
                    [PERSONAL_PHONE] => 
                    [PERSONAL_FAX] => 
                    [PERSONAL_MOBILE] => +380677246119
                    [PERSONAL_PAGER] => 
                    [PERSONAL_STREET] => 
                    [PERSONAL_CITY] => Харьков
                    [PERSONAL_STATE] => 
                    [PERSONAL_ZIP] => 
                    [PERSONAL_COUNTRY] => 
                    [WORK_COMPANY] => 
                    [WORK_POSITION] => Team Lead of BDM Remote
                    [WORK_PHONE] => 
                    [UF_DEPARTMENT] => Array
                        (
                            [0] => 239
                        )

                    [UF_INTERESTS] => 
                    [UF_SKILLS] => 
                    [UF_WEB_SITES] => 
                    [UF_XING] => 
                    [UF_LINKEDIN] => 
                    [UF_FACEBOOK] => 
                    [UF_TWITTER] => 
                    [UF_SKYPE] => 
                    [UF_DISTRICT] => 
                    [UF_PHONE_INNER] => 
                    [USER_TYPE] => 
                )

            [time] => Array
                (
                    [start] => 1574871679.8755
                    [finish] => 1574871679.9153
                    [duration] => 0.039818048477173
                    [processing] => 0.0086429119110107
                    [date_start] => 2019-11-27T19:21:19+03:00
                    [date_finish] => 2019-11-27T19:21:19+03:00
                )

        )

)

_________________________________

Array
(
    [INFO] => Результат выполнения запроса crm.deal.get
    [PARAMS] => Array
        (
            [id] => 0
        )

    [DOMAIN] => wow-how.bitrix24.ua
    [AUTH_ID] => 8cb0de5d00389e5e00091bec0000018ff0f10399902e168a12b0e95620694630b71caa
    [RESULT] => Array
        (
            [error] => 
            [error_description] => ID is not defined or invalid.
        )

)

_________________________________

Array
(
    [0] => Array
        (
            [MODE] => edit
            [ENTITY_ID] => CRM_DEAL
            [FIELD_NAME] => UF_CRM_PROJECT
            [ENTITY_VALUE_ID] => 594
            [VALUE] => 
            [MULTIPLE] => N
            [MANDATORY] => N
            [XML_ID] => 
        )

    [1] => Array
        (
            [result] => Array
                (
                    [ID] => 399
                    [ACTIVE] => 1
                    [EMAIL] => anastasia.natkovych@wow-how.com
                    [NAME] => Anastasia
                    [LAST_NAME] => Natkovych
                    [SECOND_NAME] => 
                    [PERSONAL_GENDER] => F
                    [PERSONAL_PROFESSION] => 
                    [PERSONAL_WWW] => 
                    [PERSONAL_BIRTHDAY] => 1996-03-21T03:00:00+03:00
                    [PERSONAL_PHOTO] => https://cdn.bitrix24.ua/b3162387/main/626/6269b4610fd4bbf51a2c61ba14017e82/avatar.png
                    [PERSONAL_ICQ] => 
                    [PERSONAL_PHONE] => 
                    [PERSONAL_FAX] => 
                    [PERSONAL_MOBILE] => +380677246119
                    [PERSONAL_PAGER] => 
                    [PERSONAL_STREET] => 
                    [PERSONAL_CITY] => Харьков
                    [PERSONAL_STATE] => 
                    [PERSONAL_ZIP] => 
                    [PERSONAL_COUNTRY] => 
                    [WORK_COMPANY] => 
                    [WORK_POSITION] => Team Lead of BDM Remote
                    [WORK_PHONE] => 
                    [UF_DEPARTMENT] => Array
                        (
                            [0] => 239
                        )

                    [UF_INTERESTS] => 
                    [UF_SKILLS] => 
                    [UF_WEB_SITES] => 
                    [UF_XING] => 
                    [UF_LINKEDIN] => 
                    [UF_FACEBOOK] => 
                    [UF_TWITTER] => 
                    [UF_SKYPE] => 
                    [UF_DISTRICT] => 
                    [UF_PHONE_INNER] => 
                    [USER_TYPE] => 
                )

            [time] => Array
                (
                    [start] => 1574871789.5039
                    [finish] => 1574871789.5436
                    [duration] => 0.039676904678345
                    [processing] => 0.0041699409484863
                    [date_start] => 2019-11-27T19:23:09+03:00
                    [date_finish] => 2019-11-27T19:23:09+03:00
                )

        )

)

_________________________________

Array
(
    [INFO] => Результат выполнения запроса crm.deal.get
    [PARAMS] => Array
        (
            [id] => 594
        )

    [DOMAIN] => wow-how.bitrix24.ua
    [AUTH_ID] => fbb0de5d00389e5e00091bec0000018ff0f103801301c7d3304e1a1470aa8c113ca21d
    [RESULT] => Array
        (
            [result] => Array
                (
                    [ID] => 594
                    [TITLE] => 112 app 2D explainer video  
                    [TYPE_ID] => SALE
                    [STAGE_ID] => WON
                    [PROBABILITY] => 
                    [CURRENCY_ID] => USD
                    [OPPORTUNITY] => 1800.00
                    [TAX_VALUE] => 0.00
                    [LEAD_ID] => 
                    [COMPANY_ID] => 0
                    [CONTACT_ID] => 6154
                    [QUOTE_ID] => 
                    [BEGINDATE] => 2019-11-27T03:00:00+03:00
                    [CLOSEDATE] => 2019-11-27T03:00:00+03:00
                    [ASSIGNED_BY_ID] => 399
                    [CREATED_BY_ID] => 399
                    [MODIFY_BY_ID] => 0
                    [DATE_CREATE] => 2019-11-27T19:22:45+03:00
                    [DATE_MODIFY] => 2019-11-27T19:22:51+03:00
                    [OPENED] => Y
                    [CLOSED] => Y
                    [COMMENTS] => 
                    [ADDITIONAL_INFO] => 
                    [LOCATION_ID] => 
                    [CATEGORY_ID] => 0
                    [STAGE_SEMANTIC_ID] => S
                    [IS_NEW] => N
                    [IS_RECURRING] => N
                    [IS_RETURN_CUSTOMER] => N
                    [IS_REPEATED_APPROACH] => N
                    [SOURCE_ID] => 2
                    [SOURCE_DESCRIPTION] => 
                    [ORIGINATOR_ID] => 
                    [ORIGIN_ID] => 
                    [UTM_SOURCE] => 
                    [UTM_MEDIUM] => 
                    [UTM_CAMPAIGN] => 
                    [UTM_CONTENT] => 
                    [UTM_TERM] => 
                    [UF_CRM_586CDE7F69631] => Array
                        (
                            [0] => 178
                            [1] => 180
                        )

                    [UF_CRM_586CDE7F77E10] => 
                    [UF_CRM_586CDE7F93728] => 
                    [UF_CRM_586CDE7FB4A3A] => 
                    [UF_CRM_586CDE7FCA1AB] => 
                    [UF_CRM_586CDE7FD8045] => 
                    [UF_CRM_586CDE7FE21BE] => 
                    [UF_CRM_586CDE7FEDC96] => 
                    [UF_CRM_1549021620] => 0
                    [UF_CRM_PROJECT] => 
                    [UF_CRM_1554297194] => Array
                        (
                        )

                    [UF_CRM_1554790931287] => 657
                    [UF_CRM_1554791477851] => 665
                    [UF_CRM_1554889136] => 0
                )

            [time] => Array
                (
                    [start] => 1574871789.7197
                    [finish] => 1574871789.7826
                    [duration] => 0.062873840332031
                    [processing] => 0.025151968002319
                    [date_start] => 2019-11-27T19:23:09+03:00
                    [date_finish] => 2019-11-27T19:23:09+03:00
                )

        )

)

_________________________________

Array
(
    [INFO] => Результат выполнения запроса sonet_group.get
    [PARAMS] => Array
        (
            [ORDER] => Array
                (
                    [NAME] => ASC
                )

            [FILTER] => Array
                (
                    [ID] => 
                )

            [IS_ADMIN] => Y
        )

    [DOMAIN] => wow-how.bitrix24.ua
    [AUTH_ID] => fbb0de5d00389e5e00091bec0000018ff0f103801301c7d3304e1a1470aa8c113ca21d
    [RESULT] => Array
        (
            [result] => Array
                (
                )

            [total] => 0
            [time] => Array
                (
                    [start] => 1574871789.9701
                    [finish] => 1574871790.0123
                    [duration] => 0.042135000228882
                    [processing] => 0.0065181255340576
                    [date_start] => 2019-11-27T19:23:09+03:00
                    [date_finish] => 2019-11-27T19:23:10+03:00
                )

        )

)

_________________________________

Array
(
    [0] => Array
        (
            [MODE] => view
            [ENTITY_ID] => CRM_DEAL
            [FIELD_NAME] => UF_CRM_PROJECT
            [ENTITY_VALUE_ID] => 594
            [VALUE] => 2925
            [MULTIPLE] => N
            [MANDATORY] => N
            [XML_ID] => 
        )

    [1] => Array
        (
            [result] => Array
                (
                    [ID] => 399
                    [ACTIVE] => 1
                    [EMAIL] => anastasia.natkovych@wow-how.com
                    [NAME] => Anastasia
                    [LAST_NAME] => Natkovych
                    [SECOND_NAME] => 
                    [PERSONAL_GENDER] => F
                    [PERSONAL_PROFESSION] => 
                    [PERSONAL_WWW] => 
                    [PERSONAL_BIRTHDAY] => 1996-03-21T03:00:00+03:00
                    [PERSONAL_PHOTO] => https://cdn.bitrix24.ua/b3162387/main/626/6269b4610fd4bbf51a2c61ba14017e82/avatar.png
                    [PERSONAL_ICQ] => 
                    [PERSONAL_PHONE] => 
                    [PERSONAL_FAX] => 
                    [PERSONAL_MOBILE] => +380677246119
                    [PERSONAL_PAGER] => 
                    [PERSONAL_STREET] => 
                    [PERSONAL_CITY] => Харьков
                    [PERSONAL_STATE] => 
                    [PERSONAL_ZIP] => 
                    [PERSONAL_COUNTRY] => 
                    [WORK_COMPANY] => 
                    [WORK_POSITION] => Team Lead of BDM Remote
                    [WORK_PHONE] => 
                    [UF_DEPARTMENT] => Array
                        (
                            [0] => 239
                        )

                    [UF_INTERESTS] => 
                    [UF_SKILLS] => 
                    [UF_WEB_SITES] => 
                    [UF_XING] => 
                    [UF_LINKEDIN] => 
                    [UF_FACEBOOK] => 
                    [UF_TWITTER] => 
                    [UF_SKYPE] => 
                    [UF_DISTRICT] => 
                    [UF_PHONE_INNER] => 
                    [USER_TYPE] => 
                )

            [time] => Array
                (
                    [start] => 1574871799.6443
                    [finish] => 1574871799.6963
                    [duration] => 0.052016019821167
                    [processing] => 0.0082550048828125
                    [date_start] => 2019-11-27T19:23:19+03:00
                    [date_finish] => 2019-11-27T19:23:19+03:00
                )

        )

)

_________________________________

Array
(
    [INFO] => Результат выполнения запроса crm.deal.get
    [PARAMS] => Array
        (
            [id] => 594
        )

    [DOMAIN] => wow-how.bitrix24.ua
    [AUTH_ID] => 07b1de5d00389e5e00091bec0000018ff0f1033791c60532cabc8f3147c9da54da9d9c
    [RESULT] => Array
        (
            [result] => Array
                (
                    [ID] => 594
                    [TITLE] => 112 app 2D explainer video  
                    [TYPE_ID] => SALE
                    [STAGE_ID] => WON
                    [PROBABILITY] => 
                    [CURRENCY_ID] => USD
                    [OPPORTUNITY] => 1800.00
                    [TAX_VALUE] => 0.00
                    [LEAD_ID] => 
                    [COMPANY_ID] => 0
                    [CONTACT_ID] => 6154
                    [QUOTE_ID] => 
                    [BEGINDATE] => 2019-11-27T03:00:00+03:00
                    [CLOSEDATE] => 2019-11-27T03:00:00+03:00
                    [ASSIGNED_BY_ID] => 399
                    [CREATED_BY_ID] => 399
                    [MODIFY_BY_ID] => 0
                    [DATE_CREATE] => 2019-11-27T19:22:45+03:00
                    [DATE_MODIFY] => 2019-11-27T19:23:18+03:00
                    [OPENED] => Y
                    [CLOSED] => Y
                    [COMMENTS] => 
                    [ADDITIONAL_INFO] => 
                    [LOCATION_ID] => 
                    [CATEGORY_ID] => 0
                    [STAGE_SEMANTIC_ID] => S
                    [IS_NEW] => N
                    [IS_RECURRING] => N
                    [IS_RETURN_CUSTOMER] => N
                    [IS_REPEATED_APPROACH] => N
                    [SOURCE_ID] => 2
                    [SOURCE_DESCRIPTION] => 
                    [ORIGINATOR_ID] => 
                    [ORIGIN_ID] => 
                    [UTM_SOURCE] => 
                    [UTM_MEDIUM] => 
                    [UTM_CAMPAIGN] => 
                    [UTM_CONTENT] => 
                    [UTM_TERM] => 
                    [UF_CRM_586CDE7F69631] => Array
                        (
                            [0] => 178
                            [1] => 180
                        )

                    [UF_CRM_586CDE7F77E10] => 
                    [UF_CRM_586CDE7F93728] => 
                    [UF_CRM_586CDE7FB4A3A] => 
                    [UF_CRM_586CDE7FCA1AB] => 
                    [UF_CRM_586CDE7FD8045] => 
                    [UF_CRM_586CDE7FE21BE] => 
                    [UF_CRM_586CDE7FEDC96] => 
                    [UF_CRM_1549021620] => 0
                    [UF_CRM_PROJECT] => 2925
                    [UF_CRM_1554297194] => Array
                        (
                        )

                    [UF_CRM_1554790931287] => 657
                    [UF_CRM_1554791477851] => 665
                    [UF_CRM_1554889136] => 0
                )

            [time] => Array
                (
                    [start] => 1574871799.8823
                    [finish] => 1574871799.9391
                    [duration] => 0.056771993637085
                    [processing] => 0.017390012741089
                    [date_start] => 2019-11-27T19:23:19+03:00
                    [date_finish] => 2019-11-27T19:23:19+03:00
                )

        )

)

_________________________________

Array
(
    [INFO] => Результат выполнения запроса sonet_group.get
    [PARAMS] => Array
        (
            [ORDER] => Array
                (
                    [NAME] => ASC
                )

            [FILTER] => Array
                (
                    [ID] => 2925
                )

            [IS_ADMIN] => Y
        )

    [DOMAIN] => wow-how.bitrix24.ua
    [AUTH_ID] => 07b1de5d00389e5e00091bec0000018ff0f1033791c60532cabc8f3147c9da54da9d9c
    [RESULT] => Array
        (
            [result] => Array
                (
                    [0] => Array
                        (
                            [ID] => 2925
                            [SITE_ID] => ex
                            [NAME] => 112 app 2D explainer video
                            [DESCRIPTION] => Суть задачи: создание explainer video на тему emergency services.
Ссылка на ДС: Z:\_WOW-HOW Studio\_VIDEO_PRJ\_112 app 2D explainer video

                            [DATE_CREATE] => 2019-11-25T13:13:41+03:00
                            [DATE_UPDATE] => 2019-11-25T13:45:43+03:00
                            [ACTIVE] => Y
                            [VISIBLE] => N
                            [OPENED] => N
                            [CLOSED] => N
                            [SUBJECT_ID] => 1
                            [OWNER_ID] => 515
                            [KEYWORDS] => 
                            [NUMBER_OF_MEMBERS] => 6
                            [DATE_ACTIVITY] => 2019-11-27T17:35:21+03:00
                            [SUBJECT_NAME] => Робочі групи
                            [PROJECT] => N
                            [IMAGE] => https://cdn.bitrix24.ua/b3162387/socialnetwork/f19/f19d5b93643c84f1711f46bd63039664/bouton_acces_app_112BE-06-2017-appelstore+_1_.png
                            [IS_EXTRANET] => Y
                        )

                )

            [total] => 1
            [time] => Array
                (
                    [start] => 1574871800.1558
                    [finish] => 1574871800.192
                    [duration] => 0.036115169525146
                    [processing] => 0.0067408084869385
                    [date_start] => 2019-11-27T19:23:20+03:00
                    [date_finish] => 2019-11-27T19:23:20+03:00
                )

        )

)

_________________________________

