Array
(
    [0] => Array
        (
            [MODE] => edit
            [ENTITY_ID] => CRM_DEAL
            [FIELD_NAME] => UF_CRM_PROJECT
            [ENTITY_VALUE_ID] => 0
            [VALUE] => 
            [MULTIPLE] => N
            [MANDATORY] => N
            [XML_ID] => 
        )

    [1] => Array
        (
            [result] => Array
                (
                    [ID] => 399
                    [ACTIVE] => 1
                    [EMAIL] => anastasia.natkovych@wow-how.com
                    [NAME] => Anastasia
                    [LAST_NAME] => Natkovych
                    [SECOND_NAME] => 
                    [PERSONAL_GENDER] => F
                    [PERSONAL_PROFESSION] => 
                    [PERSONAL_WWW] => 
                    [PERSONAL_BIRTHDAY] => 1996-03-21T03:00:00+03:00
                    [PERSONAL_PHOTO] => https://cdn.bitrix24.ua/b3162387/main/626/6269b4610fd4bbf51a2c61ba14017e82/avatar.png
                    [PERSONAL_ICQ] => 
                    [PERSONAL_PHONE] => 
                    [PERSONAL_FAX] => 
                    [PERSONAL_MOBILE] => +380677246119
                    [PERSONAL_PAGER] => 
                    [PERSONAL_STREET] => 
                    [PERSONAL_CITY] => Харьков
                    [PERSONAL_STATE] => 
                    [PERSONAL_ZIP] => 
                    [PERSONAL_COUNTRY] => 
                    [WORK_COMPANY] => 
                    [WORK_POSITION] => Team Lead of Sales 
                    [WORK_PHONE] => 
                    [UF_DEPARTMENT] => Array
                        (
                            [0] => 239
                        )

                    [UF_INTERESTS] => 
                    [UF_SKILLS] => 
                    [UF_WEB_SITES] => 
                    [UF_XING] => 
                    [UF_LINKEDIN] => 
                    [UF_FACEBOOK] => 
                    [UF_TWITTER] => 
                    [UF_SKYPE] => 
                    [UF_DISTRICT] => 
                    [UF_PHONE_INNER] => 
                    [USER_TYPE] => 
                )

            [time] => Array
                (
                    [start] => 1572251523.9907
                    [finish] => 1572251524.0183
                    [duration] => 0.027660131454468
                    [processing] => 0.0021469593048096
                    [date_start] => 2019-10-28T11:32:03+03:00
                    [date_finish] => 2019-10-28T11:32:04+03:00
                )

        )

)

_________________________________

Array
(
    [INFO] => Результат выполнения запроса crm.deal.get
    [PARAMS] => Array
        (
            [id] => 0
        )

    [DOMAIN] => wow-how.bitrix24.ua
    [AUTH_ID] => 92b5b65d00389e5e00091bec0000018ff0f10357233c15982768ead7433204e91c631d
    [RESULT] => Array
        (
            [error] => 
            [error_description] => ID is not defined or invalid.
        )

)

_________________________________

